<?xml version="1.0" encoding="UTF-8"?>
<testsuite xmlns:xsi="http://www.w3.org/2001/XMLSchema-instance" xsi:noNamespaceSchemaLocation="https://maven.apache.org/surefire/maven-surefire-plugin/xsd/surefire-test-report.xsd" name="exer.TestDateEntry" time="0.01" tests="1" errors="0" skipped="0" failures="0">
  <properties>
    <property name="sun.desktop" value="windows"/>
    <property name="awt.toolkit" value="sun.awt.windows.WToolkit"/>
    <property name="java.specification.version" value="11"/>
    <property name="sun.cpu.isalist" value="amd64"/>
    <property name="sun.jnu.encoding" value="Cp1252"/>
    <property name="java.class.path" value="D:\TESTING\java\maven\exer\target\test-classes;D:\TESTING\java\maven\exer\target\classes;C:\Users\MonstarLab Cebu\.m2\repository\joda-time\joda-time\2.10.10\joda-time-2.10.10.jar;C:\Users\MonstarLab Cebu\.m2\repository\commons-validator\commons-validator\1.6\commons-validator-1.6.jar;C:\Users\MonstarLab Cebu\.m2\repository\commons-beanutils\commons-beanutils\1.9.2\commons-beanutils-1.9.2.jar;C:\Users\MonstarLab Cebu\.m2\repository\commons-digester\commons-digester\1.8.1\commons-digester-1.8.1.jar;C:\Users\MonstarLab Cebu\.m2\repository\commons-logging\commons-logging\1.2\commons-logging-1.2.jar;C:\Users\MonstarLab Cebu\.m2\repository\commons-collections\commons-collections\3.2.2\commons-collections-3.2.2.jar;C:\Users\MonstarLab Cebu\.m2\repository\org\junit\jupiter\junit-jupiter-api\5.8.0-M1\junit-jupiter-api-5.8.0-M1.jar;C:\Users\MonstarLab Cebu\.m2\repository\org\apiguardian\apiguardian-api\1.1.1\apiguardian-api-1.1.1.jar;C:\Users\MonstarLab Cebu\.m2\repository\org\opentest4j\opentest4j\1.2.0\opentest4j-1.2.0.jar;C:\Users\MonstarLab Cebu\.m2\repository\org\junit\platform\junit-platform-commons\1.8.0-M1\junit-platform-commons-1.8.0-M1.jar;"/>
    <property name="java.vm.vendor" value="AdoptOpenJDK"/>
    <property name="sun.arch.data.model" value="64"/>
    <property name="user.variant" value=""/>
    <property name="java.vendor.url" value="https://adoptopenjdk.net/"/>
    <property name="user.timezone" value="Asia/Singapore"/>
    <property name="java.vm.specification.version" value="11"/>
    <property name="os.name" value="Windows 10"/>
    <property name="sun.java.launcher" value="SUN_STANDARD"/>
    <property name="user.country" value="US"/>
    <property name="sun.boot.library.path" value="C:\Users\MonstarLab Cebu\AppData\Local\Programs\AdoptOpenJDK\jdk-11.0.11.9-hotspot\bin"/>
    <property name="sun.java.command" value="C:\Users\MONSTA~1\AppData\Local\Temp\surefire17139432120614727476\surefirebooter4589292947377339509.jar C:\Users\MonstarLab Cebu\AppData\Local\Temp\surefire17139432120614727476 2021-08-13T13-35-38_023-jvmRun1 surefire9883450878138169504tmp surefire_01012908657498740985tmp"/>
    <property name="jdk.debug" value="release"/>
    <property name="surefire.test.class.path" value="D:\TESTING\java\maven\exer\target\test-classes;D:\TESTING\java\maven\exer\target\classes;C:\Users\MonstarLab Cebu\.m2\repository\joda-time\joda-time\2.10.10\joda-time-2.10.10.jar;C:\Users\MonstarLab Cebu\.m2\repository\commons-validator\commons-validator\1.6\commons-validator-1.6.jar;C:\Users\MonstarLab Cebu\.m2\repository\commons-beanutils\commons-beanutils\1.9.2\commons-beanutils-1.9.2.jar;C:\Users\MonstarLab Cebu\.m2\repository\commons-digester\commons-digester\1.8.1\commons-digester-1.8.1.jar;C:\Users\MonstarLab Cebu\.m2\repository\commons-logging\commons-logging\1.2\commons-logging-1.2.jar;C:\Users\MonstarLab Cebu\.m2\repository\commons-collections\commons-collections\3.2.2\commons-collections-3.2.2.jar;C:\Users\MonstarLab Cebu\.m2\repository\org\junit\jupiter\junit-jupiter-api\5.8.0-M1\junit-jupiter-api-5.8.0-M1.jar;C:\Users\MonstarLab Cebu\.m2\repository\org\apiguardian\apiguardian-api\1.1.1\apiguardian-api-1.1.1.jar;C:\Users\MonstarLab Cebu\.m2\repository\org\opentest4j\opentest4j\1.2.0\opentest4j-1.2.0.jar;C:\Users\MonstarLab Cebu\.m2\repository\org\junit\platform\junit-platform-commons\1.8.0-M1\junit-platform-commons-1.8.0-M1.jar;"/>
    <property name="sun.cpu.endian" value="little"/>
    <property name="user.home" value="C:\Users\MonstarLab Cebu"/>
    <property name="user.language" value="en"/>
    <property name="java.specification.vendor" value="Oracle Corporation"/>
    <property name="java.version.date" value="2021-04-20"/>
    <property name="java.home" value="C:\Users\MonstarLab Cebu\AppData\Local\Programs\AdoptOpenJDK\jdk-11.0.11.9-hotspot"/>
    <property name="file.separator" value="\"/>
    <property name="basedir" value="D:\TESTING\java\maven\exer"/>
    <property name="java.vm.compressedOopsMode" value="32-bit"/>
    <property name="line.separator" value="&#10;"/>
    <property name="java.specification.name" value="Java Platform API Specification"/>
    <property name="java.vm.specification.vendor" value="Oracle Corporation"/>
    <property name="java.awt.graphicsenv" value="sun.awt.Win32GraphicsEnvironment"/>
    <property name="surefire.real.class.path" value="C:\Users\MONSTA~1\AppData\Local\Temp\surefire17139432120614727476\surefirebooter4589292947377339509.jar"/>
    <property name="user.script" value=""/>
    <property name="sun.management.compiler" value="HotSpot 64-Bit Tiered Compilers"/>
    <property name="java.runtime.version" value="11.0.11+9"/>
    <property name="user.name" value="mlceb_pf1sg1sr"/>
    <property name="path.separator" value=";"/>
    <property name="os.version" value="10.0"/>
    <property name="java.runtime.name" value="OpenJDK Runtime Environment"/>
    <property name="file.encoding" value="Cp1252"/>
    <property name="java.vm.name" value="OpenJDK 64-Bit Server VM"/>
    <property name="java.vendor.version" value="AdoptOpenJDK-11.0.11+9"/>
    <property name="localRepository" value="C:\Users\MonstarLab Cebu\.m2\repository"/>
    <property name="java.vendor.url.bug" value="https://github.com/AdoptOpenJDK/openjdk-support/issues"/>
    <property name="java.io.tmpdir" value="C:\Users\MONSTA~1\AppData\Local\Temp\"/>
    <property name="java.version" value="11.0.11"/>
    <property name="user.dir" value="D:\TESTING\java\maven\exer"/>
    <property name="os.arch" value="amd64"/>
    <property name="java.vm.specification.name" value="Java Virtual Machine Specification"/>
    <property name="java.awt.printerjob" value="sun.awt.windows.WPrinterJob"/>
    <property name="sun.os.patch.level" value=""/>
    <property name="java.library.path" value="C:\Users\MonstarLab Cebu\AppData\Local\Programs\AdoptOpenJDK\jdk-11.0.11.9-hotspot\bin;C:\WINDOWS\Sun\Java\bin;C:\WINDOWS\system32;C:\WINDOWS;C:\Users\MonstarLab Cebu\bin;C:\Program Files\Git\mingw64\bin;C:\Program Files\Git\usr\local\bin;C:\Program Files\Git\usr\bin;C:\Program Files\Git\usr\bin;C:\Program Files\Git\mingw64\bin;C:\Program Files\Git\usr\bin;C:\Users\MonstarLab Cebu\bin;C:\Program Files (x86)\Common Files\Oracle\Java\javapath;C:\Users\MonstarLab Cebu\AppData\Local\Programs\Python\Python38-32;C:\HashiCorp\Vagrant\bin;C:\xampp\php;C:\ProgramData\ComposerSetup\bin;C:\Program Files\Amazon\AWSCLI\bin;C:\WINDOWS\system32;C:\WINDOWS;C:\WINDOWS\System32\Wbem;C:\WINDOWS\System32\WindowsPowerShell\v1.0;C:\WINDOWS\System32\OpenSSH;C:\Program Files\PuTTY;C:\Program Files\nodejs;C:\Users\MonstarLab Cebu\AppData\Local\Android\Sdk;C:\Users\MonstarLab Cebu\AppData\Roaming\npm;C:\Users\Samuel Amador\AppData\Roaming\npm;D:\TESTING\Java\MAVEN\apache-maven-3.8.1\bin;C:\Program Files (x86)\Common Files\Oracle\Java\javapat;C:\Users\MonstarLab Cebu\AppData\Local\Programs\Python\Python38-32;C:\HashiCorp\Vagrant\bin;C:\xampp\php;C:\ProgramData\ComposerSetup\bin;C:\Program Files\Amazon\AWSCLI\bin;C:\WINDOWS\system32;C:\WINDOWS;C:\WINDOWS\System32\Wbem;C:\WINDOWS\System32\WindowsPowerShell\v1.0;C:\WINDOWS\System32\OpenSSH;C:\Program Files\PuTTY;C:\Program Files\nodejs;C:\Users\MonstarLab Cebu\AppData\Local\Android\Sdk;C:\Users\MonstarLab Cebu\AppData\Roaming\npm;C:\Users\Samuel Amador\AppData\Roaming\npm;D:\TESTING\Java\MAVEN\apache-maven-3.8.1\bin;C:\Program Files (x86)\Common Files\Oracle\Java\javapat;C:\Users\MonstarLab Cebu\AppData\Local\Programs\Python\Python38-32;C:\HashiCorp\Vagrant\bin;C:\xampp\php;C:\ProgramData\ComposerSetup\bin;C:\Program Files\Amazon\AWSCLI\bin;C:\WINDOWS\system32;C:\WINDOWS;C:\WINDOWS\System32\Wbem;C:\WINDOWS\System32\WindowsPowerShell\v1.0;C:\WINDOWS\System32\OpenSSH;C:\Program Files\PuTTY;C:\Program Files\nodejs;C:\Users\MonstarLab Cebu\AppData\Local\Android\Sdk;C:\Users\MonstarLab Cebu\AppData\Roaming\npm;C:\Users\Samuel Amador\AppData\Roaming\npm;D:\TESTING\Java\MAVEN\apache-maven-3.8.1\bin;C:\WINDOWS\System3;C:\Program Files\Java\jdk1.8.0_211\bin&quot;;C:\WINDOWS\System3;%M2_HOME%\bin&quot;;C:\Program Files\Java\jdk1.8.0_211\bin&quot;;C:\Program Files (x86)\Common Files\Oracle\Java\javapat;C:\Users\MonstarLab Cebu\AppData\Local\Programs\Python\Python38-32;C:\HashiCorp\Vagrant\bin;C:\xampp\php;C:\ProgramData\ComposerSetup\bin;C:\Program Files\Amazon\AWSCLI\bin;C:\WINDOWS\system32;C:\WINDOWS;C:\WINDOWS\System32\Wbem;C:\WINDOWS\System32\WindowsPowerShell\v1.0;C:\WINDOWS\System32\OpenSSH;C:\Program Files\PuTTY;C:\Program Files\nodejs;C:\Users\MonstarLab Cebu\AppData\Local\Android\Sdk;C:\Users\MonstarLab Cebu\AppData\Roaming\npm;C:\Users\Samuel Amador\AppData\Roaming\npm;D:\TESTING\Java\MAVEN\apache-maven-3.8.1\bin;C:\WINDOWS\System3;C:\Program Files\Java\jdk1.8.0_211\bin&quot;;C:\WINDOWS\System3;%M2_HOME%\bin&quot;;%M2_HOME%\bin&quot;;C:\Program Files\Java\jdk1.8.0_211\bin&quot;;C:\Program Files (x86)\Common Files\Oracle\Java\javapat;C:\Users\MonstarLab Cebu\AppData\Local\Programs\Python\Python38-32;C:\HashiCorp\Vagrant\bin;C:\xampp\php;C:\ProgramData\ComposerSetup\bin;C:\Program Files\Amazon\AWSCLI\bin;C:\WINDOWS\system32;C:\WINDOWS;C:\WINDOWS\System32\Wbem;C:\WINDOWS\System32\WindowsPowerShell\v1.0;C:\WINDOWS\System32\OpenSSH;C:\Program Files\PuTTY;C:\Program Files\nodejs;C:\Users\MonstarLab Cebu\AppData\Local\Android\Sdk;C:\Users\MonstarLab Cebu\AppData\Roaming\npm;C:\Users\Samuel Amador\AppData\Roaming\npm;D:\TESTING\Java\MAVEN\apache-maven-3.8.1\bin;C:\Program Files (x86)\Common Files\Oracle\Java\javapat;C:\Users\MonstarLab Cebu\AppData\Local\Programs\Python\Python38-32;C:\HashiCorp\Vagrant\bin;C:\xampp\php;C:\ProgramData\ComposerSetup\bin;C:\Program Files\Amazon\AWSCLI\bin;C:\WINDOWS\system32;C:\WINDOWS;C:\WINDOWS\System32\Wbem;C:\WINDOWS\System32\WindowsPowerShell\v1.0;C:\WINDOWS\System32\OpenSSH;C:\Program Files\PuTTY;C:\Program Files\nodejs;C:\Users\MonstarLab Cebu\AppData\Local\Android\Sdk;C:\Users\MonstarLab Cebu\AppData\Roaming\npm;C:\Users\Samuel Amador\AppData\Roaming\npm;D:\TESTING\Java\MAVEN\apache-maven-3.8.1\bin;C:\WINDOWS\System3;C:\Program Files\Java\jdk1.8.0_211\bin&quot;;C:\WINDOWS\System3;%M2_HOME%\bin&quot;;C:\Program Files\Java\jdk1.8.0_211\bin&quot;;C:\Program Files (x86)\Common Files\Oracle\Java\javapat;C:\Users\MonstarLab Cebu\AppData\Local\Progr;C:\Program Files\MySQL\MySQL Shell 8.0\bin;C:\Users\MonstarLab Cebu\AppData\Local\Programs\AdoptOpenJDK\jdk-11.0.11.9-hotspot\bin;C:\Windows\system32;C:\Windows;C:\Windows\System32\Wbem;C:\Users\MonstarLab Cebu\AppData\Roaming\np;%SUBLIME%&quot;;C:\Program Files\Git\;C:\Program Files\Git\usr\bin;C:\Program Files\Git\cmd;C:\Users\MonstarLab Cebu\AppData\Local\Programs\Microsoft VS Code\bin;C:\Users\MonstarLab Cebu\AppData\Roaming\Composer\vendor\bin;C:\Program Files\Docker Toolbox;C:\Users\MonstarLab Cebu\AppData\Local\Microsoft\WindowsApps;C:\Program Files\heroku\bin;D:\JAVA TRAINING\sqlite;C:\Users\MonstarLab Cebu\AppData\Roaming\npm;C:\Users\MonstarLab Cebu\AppData\Local\Android\Sdk\platform-tools;C:\Program Files\Git\usr\bin\vendor_perl;C:\Program Files\Git\usr\bin\core_perl;."/>
    <property name="java.vm.info" value="mixed mode"/>
    <property name="java.vendor" value="AdoptOpenJDK"/>
    <property name="java.vm.version" value="11.0.11+9"/>
    <property name="sun.io.unicode.encoding" value="UnicodeLittle"/>
    <property name="java.class.version" value="55.0"/>
  </properties>
  <testcase name="exer.TestDateEntry.testIsDateStartMonth" classname="exer.TestDateEntry" time="0.01"/>
</testsuite>